0 info it worked if it ends with ok
1 verbose cli [ '/home/nelson/.meteor/packages/meteor-tool/.1.4.1_2.7bhnwh++os.linux.x86_64+web.browser+web.cordova/mt-os.linux.x86_64/dev_bundle/bin/node',
1 verbose cli   '/home/nelson/.meteor/packages/meteor-tool/.1.4.1_2.7bhnwh++os.linux.x86_64+web.browser+web.cordova/mt-os.linux.x86_64/dev_bundle/bin/npm',
1 verbose cli   'install',
1 verbose cli   '--save',
1 verbose cli   'bcrypt' ]
2 info using npm@3.10.8
3 info using node@v4.6.0
4 silly loadCurrentTree Starting
5 silly install loadCurrentTree
6 silly install readLocalPackageData
7 silly fetchPackageMetaData bcrypt
8 silly fetchNamedPackageData bcrypt
9 silly mapToRegistry name bcrypt
10 silly mapToRegistry using default registry
11 silly mapToRegistry registry https://registry.npmjs.org/
12 silly mapToRegistry data Result {
12 silly mapToRegistry   raw: 'bcrypt',
12 silly mapToRegistry   scope: null,
12 silly mapToRegistry   escapedName: 'bcrypt',
12 silly mapToRegistry   name: 'bcrypt',
12 silly mapToRegistry   rawSpec: '',
12 silly mapToRegistry   spec: 'latest',
12 silly mapToRegistry   type: 'tag' }
13 silly mapToRegistry uri https://registry.npmjs.org/bcrypt
14 verbose request uri https://registry.npmjs.org/bcrypt
15 verbose request no auth needed
16 info attempt registry request try #1 at 2:59:43 AM
17 verbose request id 419b9ab490620406
18 verbose etag "2W7CTWO1ETKY4R5XARYMM9SFN"
19 http request GET https://registry.npmjs.org/bcrypt
20 info retry will retry, error on last attempt: Error: getaddrinfo ENOTFOUND registry.npmjs.org registry.npmjs.org:443
21 info attempt registry request try #2 at 2:59:55 AM
22 verbose etag "2W7CTWO1ETKY4R5XARYMM9SFN"
23 http request GET https://registry.npmjs.org/bcrypt
24 info retry will retry, error on last attempt: Error: getaddrinfo ENOTFOUND registry.npmjs.org registry.npmjs.org:443
25 info attempt registry request try #3 at 3:00:56 AM
26 verbose etag "2W7CTWO1ETKY4R5XARYMM9SFN"
27 http request GET https://registry.npmjs.org/bcrypt
28 silly get cb [ 304, undefined ]
29 verbose etag https://registry.npmjs.org/bcrypt from cache
30 verbose get saving bcrypt to /home/nelson/.npm/registry.npmjs.org/bcrypt/.cache.json
31 verbose correctMkdir /home/nelson/.npm correctMkdir not in flight; initializing
32 silly install normalizeTree
33 silly loadCurrentTree Finishing
34 silly loadIdealTree Starting
35 silly install loadIdealTree
36 silly cloneCurrentTree Starting
37 silly install cloneCurrentTreeToIdealTree
38 silly cloneCurrentTree Finishing
39 silly loadShrinkwrap Starting
40 silly install loadShrinkwrap
41 silly loadShrinkwrap Finishing
42 silly loadAllDepsIntoIdealTree Starting
43 silly install loadAllDepsIntoIdealTree
44 silly resolveWithNewModule bcrypt@0.8.7 checking installable status
45 silly cache add args [ 'bcrypt', null ]
46 verbose cache add spec bcrypt
47 silly cache add parsed spec Result {
47 silly cache add   raw: 'bcrypt',
47 silly cache add   scope: null,
47 silly cache add   escapedName: 'bcrypt',
47 silly cache add   name: 'bcrypt',
47 silly cache add   rawSpec: '',
47 silly cache add   spec: 'latest',
47 silly cache add   type: 'tag' }
48 silly addNamed bcrypt@latest
49 verbose addNamed "latest" is being treated as a dist-tag for bcrypt
50 info addNameTag [ 'bcrypt', 'latest' ]
51 silly mapToRegistry name bcrypt
52 silly mapToRegistry using default registry
53 silly mapToRegistry registry https://registry.npmjs.org/
54 silly mapToRegistry data Result {
54 silly mapToRegistry   raw: 'bcrypt',
54 silly mapToRegistry   scope: null,
54 silly mapToRegistry   escapedName: 'bcrypt',
54 silly mapToRegistry   name: 'bcrypt',
54 silly mapToRegistry   rawSpec: '',
54 silly mapToRegistry   spec: 'latest',
54 silly mapToRegistry   type: 'tag' }
55 silly mapToRegistry uri https://registry.npmjs.org/bcrypt
56 verbose addNameTag registry:https://registry.npmjs.org/bcrypt not in flight; fetching
57 verbose get https://registry.npmjs.org/bcrypt not expired, no request
58 silly addNameTag next cb for bcrypt with tag latest
59 silly addNamed bcrypt@0.8.7
60 verbose addNamed "0.8.7" is a plain semver version for bcrypt
61 silly cache afterAdd bcrypt@0.8.7
62 verbose afterAdd /home/nelson/.npm/bcrypt/0.8.7/package/package.json not in flight; writing
63 verbose correctMkdir /home/nelson/.npm correctMkdir not in flight; initializing
64 verbose afterAdd /home/nelson/.npm/bcrypt/0.8.7/package/package.json written
65 silly fetchNamedPackageData bindings
66 silly mapToRegistry name bindings
67 silly mapToRegistry using default registry
68 silly mapToRegistry registry https://registry.npmjs.org/
69 silly mapToRegistry data Result {
69 silly mapToRegistry   raw: 'bindings',
69 silly mapToRegistry   scope: null,
69 silly mapToRegistry   escapedName: 'bindings',
69 silly mapToRegistry   name: 'bindings',
69 silly mapToRegistry   rawSpec: '',
69 silly mapToRegistry   spec: 'latest',
69 silly mapToRegistry   type: 'tag' }
70 silly mapToRegistry uri https://registry.npmjs.org/bindings
71 silly fetchNamedPackageData nan
72 silly mapToRegistry name nan
73 silly mapToRegistry using default registry
74 silly mapToRegistry registry https://registry.npmjs.org/
75 silly mapToRegistry data Result {
75 silly mapToRegistry   raw: 'nan',
75 silly mapToRegistry   scope: null,
75 silly mapToRegistry   escapedName: 'nan',
75 silly mapToRegistry   name: 'nan',
75 silly mapToRegistry   rawSpec: '',
75 silly mapToRegistry   spec: 'latest',
75 silly mapToRegistry   type: 'tag' }
76 silly mapToRegistry uri https://registry.npmjs.org/nan
77 verbose request uri https://registry.npmjs.org/bindings
78 verbose request no auth needed
79 info attempt registry request try #1 at 3:00:57 AM
80 verbose etag "C1AW6UVQGY4VZQGFC1WTIGMDV"
81 http request GET https://registry.npmjs.org/bindings
82 info retry will retry, error on last attempt: Error: getaddrinfo ENOTFOUND registry.npmjs.org registry.npmjs.org:443
83 verbose request uri https://registry.npmjs.org/nan
84 verbose request no auth needed
85 info attempt registry request try #1 at 3:00:57 AM
86 verbose etag "1YJEPM5V4XH0MZT0HV3B8R9BB"
87 http request GET https://registry.npmjs.org/nan
88 info retry will retry, error on last attempt: Error: getaddrinfo ENOTFOUND registry.npmjs.org registry.npmjs.org:443
89 info attempt registry request try #2 at 3:01:07 AM
90 verbose etag "C1AW6UVQGY4VZQGFC1WTIGMDV"
91 http request GET https://registry.npmjs.org/bindings
92 info retry will retry, error on last attempt: Error: getaddrinfo ENOTFOUND registry.npmjs.org registry.npmjs.org:443
93 info attempt registry request try #2 at 3:01:07 AM
94 verbose etag "1YJEPM5V4XH0MZT0HV3B8R9BB"
95 http request GET https://registry.npmjs.org/nan
96 info retry will retry, error on last attempt: Error: getaddrinfo ENOTFOUND registry.npmjs.org registry.npmjs.org:443
97 info attempt registry request try #3 at 3:02:07 AM
98 verbose etag "C1AW6UVQGY4VZQGFC1WTIGMDV"
99 http request GET https://registry.npmjs.org/bindings
100 silly get cb [ 304, undefined ]
101 verbose etag https://registry.npmjs.org/bindings from cache
102 verbose get saving bindings to /home/nelson/.npm/registry.npmjs.org/bindings/.cache.json
103 verbose correctMkdir /home/nelson/.npm correctMkdir not in flight; initializing
104 silly resolveWithNewModule bindings@1.2.1 checking installable status
105 silly cache add args [ 'bindings@1.2.1', null ]
106 verbose cache add spec bindings@1.2.1
107 silly cache add parsed spec Result {
107 silly cache add   raw: 'bindings@1.2.1',
107 silly cache add   scope: null,
107 silly cache add   escapedName: 'bindings',
107 silly cache add   name: 'bindings',
107 silly cache add   rawSpec: '1.2.1',
107 silly cache add   spec: '1.2.1',
107 silly cache add   type: 'version' }
108 silly addNamed bindings@1.2.1
109 verbose addNamed "1.2.1" is a plain semver version for bindings
110 silly mapToRegistry name bindings
111 silly mapToRegistry using default registry
112 silly mapToRegistry registry https://registry.npmjs.org/
113 silly mapToRegistry data Result {
113 silly mapToRegistry   raw: 'bindings',
113 silly mapToRegistry   scope: null,
113 silly mapToRegistry   escapedName: 'bindings',
113 silly mapToRegistry   name: 'bindings',
113 silly mapToRegistry   rawSpec: '',
113 silly mapToRegistry   spec: 'latest',
113 silly mapToRegistry   type: 'tag' }
114 silly mapToRegistry uri https://registry.npmjs.org/bindings
115 verbose addNameVersion registry:https://registry.npmjs.org/bindings not in flight; fetching
116 info attempt registry request try #3 at 3:02:07 AM
117 verbose etag "1YJEPM5V4XH0MZT0HV3B8R9BB"
118 http request GET https://registry.npmjs.org/nan
119 silly get cb [ 304, undefined ]
120 verbose etag https://registry.npmjs.org/nan from cache
121 verbose get saving nan to /home/nelson/.npm/registry.npmjs.org/nan/.cache.json
122 verbose correctMkdir /home/nelson/.npm correctMkdir not in flight; initializing
123 verbose get https://registry.npmjs.org/bindings not expired, no request
124 silly resolveWithNewModule nan@2.3.5 checking installable status
125 silly cache add args [ 'nan@2.3.5', null ]
126 verbose cache add spec nan@2.3.5
127 silly cache add parsed spec Result {
127 silly cache add   raw: 'nan@2.3.5',
127 silly cache add   scope: null,
127 silly cache add   escapedName: 'nan',
127 silly cache add   name: 'nan',
127 silly cache add   rawSpec: '2.3.5',
127 silly cache add   spec: '2.3.5',
127 silly cache add   type: 'version' }
128 silly addNamed nan@2.3.5
129 verbose addNamed "2.3.5" is a plain semver version for nan
130 silly mapToRegistry name nan
131 silly mapToRegistry using default registry
132 silly mapToRegistry registry https://registry.npmjs.org/
133 silly mapToRegistry data Result {
133 silly mapToRegistry   raw: 'nan',
133 silly mapToRegistry   scope: null,
133 silly mapToRegistry   escapedName: 'nan',
133 silly mapToRegistry   name: 'nan',
133 silly mapToRegistry   rawSpec: '',
133 silly mapToRegistry   spec: 'latest',
133 silly mapToRegistry   type: 'tag' }
134 silly mapToRegistry uri https://registry.npmjs.org/nan
135 verbose addNameVersion registry:https://registry.npmjs.org/nan not in flight; fetching
136 verbose get https://registry.npmjs.org/nan not expired, no request
137 silly cache afterAdd bindings@1.2.1
138 verbose afterAdd /home/nelson/.npm/bindings/1.2.1/package/package.json not in flight; writing
139 verbose correctMkdir /home/nelson/.npm correctMkdir not in flight; initializing
140 verbose afterAdd /home/nelson/.npm/bindings/1.2.1/package/package.json written
141 silly cache afterAdd nan@2.3.5
142 verbose afterAdd /home/nelson/.npm/nan/2.3.5/package/package.json not in flight; writing
143 verbose correctMkdir /home/nelson/.npm correctMkdir not in flight; initializing
144 verbose afterAdd /home/nelson/.npm/nan/2.3.5/package/package.json written
145 silly loadAllDepsIntoIdealTree Finishing
146 silly loadIdealTree Finishing
147 silly currentTree planting-guide@
147 silly currentTree ├── csv-parse@1.1.7
147 silly currentTree ├── highcharts@5.0.3
147 silly currentTree └── moment@2.16.0
148 silly idealTree planting-guide@
148 silly idealTree ├── bcrypt@0.8.7
148 silly idealTree ├── bindings@1.2.1
148 silly idealTree ├── csv-parse@1.1.7
148 silly idealTree ├── highcharts@5.0.3
148 silly idealTree ├── moment@2.16.0
148 silly idealTree └── nan@2.3.5
149 silly generateActionsToTake Starting
150 silly install generateActionsToTake
151 silly generateActionsToTake Finishing
152 silly diffTrees action count 3
153 silly diffTrees add bindings@1.2.1
154 silly diffTrees add nan@2.3.5
155 silly diffTrees add bcrypt@0.8.7
156 silly decomposeActions action count 24
157 silly decomposeActions fetch bindings@1.2.1
158 silly decomposeActions extract bindings@1.2.1
159 silly decomposeActions test bindings@1.2.1
160 silly decomposeActions preinstall bindings@1.2.1
161 silly decomposeActions build bindings@1.2.1
162 silly decomposeActions install bindings@1.2.1
163 silly decomposeActions postinstall bindings@1.2.1
164 silly decomposeActions finalize bindings@1.2.1
165 silly decomposeActions fetch nan@2.3.5
166 silly decomposeActions extract nan@2.3.5
167 silly decomposeActions test nan@2.3.5
168 silly decomposeActions preinstall nan@2.3.5
169 silly decomposeActions build nan@2.3.5
170 silly decomposeActions install nan@2.3.5
171 silly decomposeActions postinstall nan@2.3.5
172 silly decomposeActions finalize nan@2.3.5
173 silly decomposeActions fetch bcrypt@0.8.7
174 silly decomposeActions extract bcrypt@0.8.7
175 silly decomposeActions test bcrypt@0.8.7
176 silly decomposeActions preinstall bcrypt@0.8.7
177 silly decomposeActions build bcrypt@0.8.7
178 silly decomposeActions install bcrypt@0.8.7
179 silly decomposeActions postinstall bcrypt@0.8.7
180 silly decomposeActions finalize bcrypt@0.8.7
181 silly runTopLevelLifecycles Starting
182 silly executeActions Starting
183 silly install executeActions
184 silly doSerial global-install 0
185 silly doParallel fetch 3
186 verbose correctMkdir /home/nelson/.npm/_locks correctMkdir not in flight; initializing
187 verbose lock using /home/nelson/.npm/_locks/staging-75846cc705ea0b6e.lock for /media/nelson/7C02AD1202ACD286/MIT-UPLB/MITCourses/0.WebApplicationDevelopment/project/planting-guide/node_modules/.staging
188 silly doParallel extract 3
189 silly extract bindings@1.2.1
190 silly extract nan@2.3.5
191 silly extract bcrypt@0.8.7
192 verbose unbuild node_modules/.staging/bindings-ff1e72f4
193 verbose unbuild node_modules/.staging/nan-0520a19c
194 verbose unbuild node_modules/.staging/bcrypt-69fdc728
195 silly gentlyRm /media/nelson/7C02AD1202ACD286/MIT-UPLB/MITCourses/0.WebApplicationDevelopment/project/planting-guide/node_modules/.staging/bindings-ff1e72f4 is being purged from base /media/nelson/7C02AD1202ACD286/MIT-UPLB/MITCourses/0.WebApplicationDevelopment/project/planting-guide
196 verbose gentlyRm don't care about contents; nuking /media/nelson/7C02AD1202ACD286/MIT-UPLB/MITCourses/0.WebApplicationDevelopment/project/planting-guide/node_modules/.staging/bindings-ff1e72f4
197 silly gentlyRm /media/nelson/7C02AD1202ACD286/MIT-UPLB/MITCourses/0.WebApplicationDevelopment/project/planting-guide/node_modules/.staging/nan-0520a19c is being purged from base /media/nelson/7C02AD1202ACD286/MIT-UPLB/MITCourses/0.WebApplicationDevelopment/project/planting-guide
198 verbose gentlyRm don't care about contents; nuking /media/nelson/7C02AD1202ACD286/MIT-UPLB/MITCourses/0.WebApplicationDevelopment/project/planting-guide/node_modules/.staging/nan-0520a19c
199 verbose tar unpack /home/nelson/.npm/bindings/1.2.1/package.tgz
200 verbose tar unpacking to /media/nelson/7C02AD1202ACD286/MIT-UPLB/MITCourses/0.WebApplicationDevelopment/project/planting-guide/node_modules/.staging/bindings-ff1e72f4
201 silly gentlyRm /media/nelson/7C02AD1202ACD286/MIT-UPLB/MITCourses/0.WebApplicationDevelopment/project/planting-guide/node_modules/.staging/bindings-ff1e72f4 is being purged
202 verbose gentlyRm don't care about contents; nuking /media/nelson/7C02AD1202ACD286/MIT-UPLB/MITCourses/0.WebApplicationDevelopment/project/planting-guide/node_modules/.staging/bindings-ff1e72f4
203 verbose tar unpack /home/nelson/.npm/nan/2.3.5/package.tgz
204 verbose tar unpacking to /media/nelson/7C02AD1202ACD286/MIT-UPLB/MITCourses/0.WebApplicationDevelopment/project/planting-guide/node_modules/.staging/nan-0520a19c
205 silly gentlyRm /media/nelson/7C02AD1202ACD286/MIT-UPLB/MITCourses/0.WebApplicationDevelopment/project/planting-guide/node_modules/.staging/nan-0520a19c is being purged
206 verbose gentlyRm don't care about contents; nuking /media/nelson/7C02AD1202ACD286/MIT-UPLB/MITCourses/0.WebApplicationDevelopment/project/planting-guide/node_modules/.staging/nan-0520a19c
207 silly gunzTarPerm modes [ '775', '664' ]
208 silly gentlyRm /media/nelson/7C02AD1202ACD286/MIT-UPLB/MITCourses/0.WebApplicationDevelopment/project/planting-guide/node_modules/.staging/bcrypt-69fdc728 is being purged from base /media/nelson/7C02AD1202ACD286/MIT-UPLB/MITCourses/0.WebApplicationDevelopment/project/planting-guide
209 verbose gentlyRm don't care about contents; nuking /media/nelson/7C02AD1202ACD286/MIT-UPLB/MITCourses/0.WebApplicationDevelopment/project/planting-guide/node_modules/.staging/bcrypt-69fdc728
210 silly gunzTarPerm modes [ '775', '664' ]
211 verbose tar unpack /home/nelson/.npm/bcrypt/0.8.7/package.tgz
212 verbose tar unpacking to /media/nelson/7C02AD1202ACD286/MIT-UPLB/MITCourses/0.WebApplicationDevelopment/project/planting-guide/node_modules/.staging/bcrypt-69fdc728
213 silly gentlyRm /media/nelson/7C02AD1202ACD286/MIT-UPLB/MITCourses/0.WebApplicationDevelopment/project/planting-guide/node_modules/.staging/bcrypt-69fdc728 is being purged
214 verbose gentlyRm don't care about contents; nuking /media/nelson/7C02AD1202ACD286/MIT-UPLB/MITCourses/0.WebApplicationDevelopment/project/planting-guide/node_modules/.staging/bcrypt-69fdc728
215 silly gunzTarPerm modes [ '775', '664' ]
216 silly gunzTarPerm extractEntry package.json
217 silly gunzTarPerm modified mode [ 'package.json', 420, 436 ]
218 silly gunzTarPerm extractEntry package.json
219 silly gunzTarPerm extractEntry README.md
220 silly gunzTarPerm modified mode [ 'README.md', 420, 436 ]
221 silly gunzTarPerm extractEntry bindings.js
222 silly gunzTarPerm modified mode [ 'bindings.js', 420, 436 ]
223 silly gunzTarPerm extractEntry README.md
224 silly gunzTarPerm extractEntry include_dirs.js
225 silly gunzTarPerm extractEntry nan_converters.h
226 silly gunzTarPerm extractEntry LICENSE.md
227 silly gunzTarPerm extractEntry doc/node_misc.md
228 silly gunzTarPerm extractEntry doc/asyncworker.md
229 silly gunzTarPerm extractEntry doc/callback.md
230 silly gunzTarPerm extractEntry doc/converters.md
231 silly gunzTarPerm extractEntry doc/errors.md
232 silly gunzTarPerm extractEntry doc/maybe_types.md
233 silly gunzTarPerm extractEntry doc/methods.md
234 silly gunzTarPerm extractEntry doc/new.md
235 silly gunzTarPerm extractEntry doc/buffers.md
236 silly gunzTarPerm extractEntry doc/object_wrappers.md
237 silly gunzTarPerm extractEntry doc/persistent.md
238 silly gunzTarPerm extractEntry doc/scopes.md
239 silly gunzTarPerm extractEntry doc/script.md
240 silly gunzTarPerm extractEntry doc/string_bytes.md
241 silly gunzTarPerm extractEntry doc/v8_internals.md
242 silly gunzTarPerm extractEntry doc/v8_misc.md
243 silly gunzTarPerm extractEntry nan.h
244 silly gunzTarPerm extractEntry nan_callbacks.h
245 silly gunzTarPerm extractEntry nan_callbacks_12_inl.h
246 silly gunzTarPerm extractEntry nan_callbacks_pre_12_inl.h
247 silly gunzTarPerm extractEntry nan_converters_43_inl.h
248 silly gunzTarPerm extractEntry nan_converters_pre_43_inl.h
249 silly gunzTarPerm extractEntry nan_implementation_12_inl.h
250 silly gunzTarPerm extractEntry nan_implementation_pre_12_inl.h
251 silly gunzTarPerm extractEntry nan_maybe_43_inl.h
252 silly gunzTarPerm extractEntry nan_maybe_pre_43_inl.h
253 silly gunzTarPerm extractEntry nan_new.h
254 silly gunzTarPerm extractEntry nan_object_wrap.h
255 silly gunzTarPerm extractEntry nan_persistent_12_inl.h
256 silly gunzTarPerm extractEntry nan_persistent_pre_12_inl.h
257 silly gunzTarPerm extractEntry nan_string_bytes.h
258 silly gunzTarPerm extractEntry nan_typedarray_contents.h
259 silly gunzTarPerm extractEntry nan_weak.h
260 silly gunzTarPerm extractEntry CHANGELOG.md
261 silly gunzTarPerm extractEntry tools/package.json
262 silly gunzTarPerm extractEntry tools/README.md
263 silly gunzTarPerm extractEntry tools/1to2.js
264 silly gunzTarPerm extractEntry package.json
265 silly gunzTarPerm modified mode [ 'package.json', 420, 436 ]
266 silly gunzTarPerm extractEntry .npmignore
267 silly gunzTarPerm modified mode [ '.npmignore', 420, 436 ]
268 silly gunzTarPerm extractEntry README.md
269 silly gunzTarPerm modified mode [ 'README.md', 420, 436 ]
270 silly gunzTarPerm extractEntry LICENSE
271 silly gunzTarPerm modified mode [ 'LICENSE', 420, 436 ]
272 silly gunzTarPerm extractEntry bcrypt.js
273 silly gunzTarPerm modified mode [ 'bcrypt.js', 420, 436 ]
274 silly gunzTarPerm extractEntry Makefile
275 silly gunzTarPerm modified mode [ 'Makefile', 420, 436 ]
276 silly gunzTarPerm extractEntry .travis.yml
277 silly gunzTarPerm modified mode [ '.travis.yml', 420, 436 ]
278 silly gunzTarPerm extractEntry CHANGELOG.md
279 silly gunzTarPerm modified mode [ 'CHANGELOG.md', 420, 436 ]
280 silly gunzTarPerm extractEntry binding.gyp
281 silly gunzTarPerm modified mode [ 'binding.gyp', 420, 436 ]
282 silly gunzTarPerm extractEntry examples/async_compare.js
283 silly gunzTarPerm modified mode [ 'examples/async_compare.js', 420, 436 ]
284 silly gunzTarPerm extractEntry examples/forever_gen_salt.js
285 silly gunzTarPerm modified mode [ 'examples/forever_gen_salt.js', 420, 436 ]
286 silly gunzTarPerm extractEntry test/async.js
287 silly gunzTarPerm modified mode [ 'test/async.js', 420, 436 ]
288 silly gunzTarPerm extractEntry test/repetitions.js
289 silly gunzTarPerm modified mode [ 'test/repetitions.js', 420, 436 ]
290 silly gunzTarPerm extractEntry test/sync.js
291 silly gunzTarPerm modified mode [ 'test/sync.js', 420, 436 ]
292 silly gunzTarPerm extractEntry ISSUE_TEMPLATE.md
293 silly gunzTarPerm modified mode [ 'ISSUE_TEMPLATE.md', 420, 436 ]
294 silly gunzTarPerm extractEntry src/bcrypt.cc
295 silly gunzTarPerm modified mode [ 'src/bcrypt.cc', 420, 436 ]
296 silly gunzTarPerm extractEntry src/bcrypt_node.cc
297 silly gunzTarPerm modified mode [ 'src/bcrypt_node.cc', 420, 436 ]
298 silly gunzTarPerm extractEntry src/blowfish.cc
299 silly gunzTarPerm modified mode [ 'src/blowfish.cc', 420, 436 ]
300 silly gunzTarPerm extractEntry src/node_blf.h
301 silly gunzTarPerm modified mode [ 'src/node_blf.h', 420, 436 ]
302 silly gunzTarPerm extractEntry werker.yml
303 silly gunzTarPerm modified mode [ 'werker.yml', 420, 436 ]
304 silly gentlyRm /media/nelson/7C02AD1202ACD286/MIT-UPLB/MITCourses/0.WebApplicationDevelopment/project/planting-guide/node_modules/.staging/bindings-ff1e72f4/node_modules is being purged
305 verbose gentlyRm don't care about contents; nuking /media/nelson/7C02AD1202ACD286/MIT-UPLB/MITCourses/0.WebApplicationDevelopment/project/planting-guide/node_modules/.staging/bindings-ff1e72f4/node_modules
306 silly gentlyRm /media/nelson/7C02AD1202ACD286/MIT-UPLB/MITCourses/0.WebApplicationDevelopment/project/planting-guide/node_modules/.staging/bcrypt-69fdc728/node_modules is being purged
307 verbose gentlyRm don't care about contents; nuking /media/nelson/7C02AD1202ACD286/MIT-UPLB/MITCourses/0.WebApplicationDevelopment/project/planting-guide/node_modules/.staging/bcrypt-69fdc728/node_modules
308 silly gentlyRm /media/nelson/7C02AD1202ACD286/MIT-UPLB/MITCourses/0.WebApplicationDevelopment/project/planting-guide/node_modules/.staging/nan-0520a19c/node_modules is being purged
309 verbose gentlyRm don't care about contents; nuking /media/nelson/7C02AD1202ACD286/MIT-UPLB/MITCourses/0.WebApplicationDevelopment/project/planting-guide/node_modules/.staging/nan-0520a19c/node_modules
310 silly doParallel preinstall 3
311 silly preinstall bindings@1.2.1 /media/nelson/7C02AD1202ACD286/MIT-UPLB/MITCourses/0.WebApplicationDevelopment/project/planting-guide/node_modules/.staging/bindings-ff1e72f4
312 info lifecycle bindings@1.2.1~preinstall: bindings@1.2.1
313 silly preinstall nan@2.3.5 /media/nelson/7C02AD1202ACD286/MIT-UPLB/MITCourses/0.WebApplicationDevelopment/project/planting-guide/node_modules/.staging/nan-0520a19c
314 info lifecycle nan@2.3.5~preinstall: nan@2.3.5
315 silly preinstall bcrypt@0.8.7 /media/nelson/7C02AD1202ACD286/MIT-UPLB/MITCourses/0.WebApplicationDevelopment/project/planting-guide/node_modules/.staging/bcrypt-69fdc728
316 info lifecycle bcrypt@0.8.7~preinstall: bcrypt@0.8.7
317 silly lifecycle bindings@1.2.1~preinstall: no script for preinstall, continuing
318 silly lifecycle nan@2.3.5~preinstall: no script for preinstall, continuing
319 silly lifecycle bcrypt@0.8.7~preinstall: no script for preinstall, continuing
320 silly doReverseSerial remove 0
321 silly doSerial move 0
322 silly doSerial finalize 3
323 silly finalize /media/nelson/7C02AD1202ACD286/MIT-UPLB/MITCourses/0.WebApplicationDevelopment/project/planting-guide/node_modules/bindings
324 silly finalize /media/nelson/7C02AD1202ACD286/MIT-UPLB/MITCourses/0.WebApplicationDevelopment/project/planting-guide/node_modules/nan
325 silly finalize /media/nelson/7C02AD1202ACD286/MIT-UPLB/MITCourses/0.WebApplicationDevelopment/project/planting-guide/node_modules/bcrypt
326 silly doSerial build 3
327 silly build bindings@1.2.1
328 info linkStuff bindings@1.2.1
329 silly linkStuff bindings@1.2.1 has /media/nelson/7C02AD1202ACD286/MIT-UPLB/MITCourses/0.WebApplicationDevelopment/project/planting-guide/node_modules as its parent node_modules
330 verbose linkBins bindings@1.2.1
331 verbose linkMans bindings@1.2.1
332 silly build nan@2.3.5
333 info linkStuff nan@2.3.5
334 silly linkStuff nan@2.3.5 has /media/nelson/7C02AD1202ACD286/MIT-UPLB/MITCourses/0.WebApplicationDevelopment/project/planting-guide/node_modules as its parent node_modules
335 verbose linkBins nan@2.3.5
336 verbose linkMans nan@2.3.5
337 silly build bcrypt@0.8.7
338 info linkStuff bcrypt@0.8.7
339 silly linkStuff bcrypt@0.8.7 has /media/nelson/7C02AD1202ACD286/MIT-UPLB/MITCourses/0.WebApplicationDevelopment/project/planting-guide/node_modules as its parent node_modules
340 verbose linkBins bcrypt@0.8.7
341 verbose linkMans bcrypt@0.8.7
342 silly doSerial global-link 0
343 silly doParallel update-linked 0
344 silly doSerial install 3
345 silly install bindings@1.2.1 /media/nelson/7C02AD1202ACD286/MIT-UPLB/MITCourses/0.WebApplicationDevelopment/project/planting-guide/node_modules/.staging/bindings-ff1e72f4
346 info lifecycle bindings@1.2.1~install: bindings@1.2.1
347 silly lifecycle bindings@1.2.1~install: no script for install, continuing
348 silly install nan@2.3.5 /media/nelson/7C02AD1202ACD286/MIT-UPLB/MITCourses/0.WebApplicationDevelopment/project/planting-guide/node_modules/.staging/nan-0520a19c
349 info lifecycle nan@2.3.5~install: nan@2.3.5
350 silly lifecycle nan@2.3.5~install: no script for install, continuing
351 silly install bcrypt@0.8.7 /media/nelson/7C02AD1202ACD286/MIT-UPLB/MITCourses/0.WebApplicationDevelopment/project/planting-guide/node_modules/.staging/bcrypt-69fdc728
352 info lifecycle bcrypt@0.8.7~install: bcrypt@0.8.7
353 verbose lifecycle bcrypt@0.8.7~install: unsafe-perm in lifecycle true
354 verbose lifecycle bcrypt@0.8.7~install: PATH: /home/nelson/.meteor/packages/meteor-tool/.1.4.1_2.7bhnwh++os.linux.x86_64+web.browser+web.cordova/mt-os.linux.x86_64/dev_bundle/lib/node_modules/npm/bin/node-gyp-bin:/media/nelson/7C02AD1202ACD286/MIT-UPLB/MITCourses/0.WebApplicationDevelopment/project/planting-guide/node_modules/bcrypt/node_modules/.bin:/media/nelson/7C02AD1202ACD286/MIT-UPLB/MITCourses/0.WebApplicationDevelopment/project/planting-guide/node_modules/.bin:/home/nelson/.meteor/packages/meteor-tool/.1.4.1_2.7bhnwh++os.linux.x86_64+web.browser+web.cordova/mt-os.linux.x86_64/dev_bundle/bin:/home/nelson/.meteor/packages/meteor-tool/.1.4.1_2.7bhnwh++os.linux.x86_64+web.browser+web.cordova/mt-os.linux.x86_64/dev_bundle/lib/node_modules/.bin:/home/nelson/bin:/usr/local/sbin:/usr/local/bin:/usr/sbin:/usr/bin:/sbin:/bin:/usr/games:/usr/local/games:/snap/bin
355 verbose lifecycle bcrypt@0.8.7~install: CWD: /media/nelson/7C02AD1202ACD286/MIT-UPLB/MITCourses/0.WebApplicationDevelopment/project/planting-guide/node_modules/bcrypt
356 silly lifecycle bcrypt@0.8.7~install: Args: [ '-c', 'node-gyp rebuild' ]
357 silly lifecycle bcrypt@0.8.7~install: Returned: code: 1  signal: null
358 info lifecycle bcrypt@0.8.7~install: Failed to exec install script
359 verbose unlock done using /home/nelson/.npm/_locks/staging-75846cc705ea0b6e.lock for /media/nelson/7C02AD1202ACD286/MIT-UPLB/MITCourses/0.WebApplicationDevelopment/project/planting-guide/node_modules/.staging
360 silly rollbackFailedOptional Starting
361 silly rollbackFailedOptional Finishing
362 silly runTopLevelLifecycles Finishing
363 silly install printInstalled
364 verbose stack Error: bcrypt@0.8.7 install: `node-gyp rebuild`
364 verbose stack Exit status 1
364 verbose stack     at EventEmitter.<anonymous> (/home/nelson/.meteor/packages/meteor-tool/.1.4.1_2.7bhnwh++os.linux.x86_64+web.browser+web.cordova/mt-os.linux.x86_64/dev_bundle/lib/node_modules/npm/lib/utils/lifecycle.js:255:16)
364 verbose stack     at emitTwo (events.js:87:13)
364 verbose stack     at EventEmitter.emit (events.js:172:7)
364 verbose stack     at ChildProcess.<anonymous> (/home/nelson/.meteor/packages/meteor-tool/.1.4.1_2.7bhnwh++os.linux.x86_64+web.browser+web.cordova/mt-os.linux.x86_64/dev_bundle/lib/node_modules/npm/lib/utils/spawn.js:40:14)
364 verbose stack     at emitTwo (events.js:87:13)
364 verbose stack     at ChildProcess.emit (events.js:172:7)
364 verbose stack     at maybeClose (internal/child_process.js:829:16)
364 verbose stack     at Process.ChildProcess._handle.onexit (internal/child_process.js:211:5)
365 verbose pkgid bcrypt@0.8.7
366 verbose cwd /media/nelson/7C02AD1202ACD286/MIT-UPLB/MITCourses/0.WebApplicationDevelopment/project/planting-guide
367 error Linux 4.4.0-47-generic
368 error argv "/home/nelson/.meteor/packages/meteor-tool/.1.4.1_2.7bhnwh++os.linux.x86_64+web.browser+web.cordova/mt-os.linux.x86_64/dev_bundle/bin/node" "/home/nelson/.meteor/packages/meteor-tool/.1.4.1_2.7bhnwh++os.linux.x86_64+web.browser+web.cordova/mt-os.linux.x86_64/dev_bundle/bin/npm" "install" "--save" "bcrypt"
369 error node v4.6.0
370 error npm  v3.10.8
371 error code ELIFECYCLE
372 error bcrypt@0.8.7 install: `node-gyp rebuild`
372 error Exit status 1
373 error Failed at the bcrypt@0.8.7 install script 'node-gyp rebuild'.
373 error Make sure you have the latest version of node.js and npm installed.
373 error If you do, this is most likely a problem with the bcrypt package,
373 error not with npm itself.
373 error Tell the author that this fails on your system:
373 error     node-gyp rebuild
373 error You can get information on how to open an issue for this project with:
373 error     npm bugs bcrypt
373 error Or if that isn't available, you can get their info via:
373 error     npm owner ls bcrypt
373 error There is likely additional logging output above.
374 verbose exit [ 1, true ]
